<?xml version="1.0" encoding="UTF-8"?>
<!-- Generated by org.testng.reporters.JUnitXMLReporter -->
<testsuite ignored="0" hostname="DESKTOP-UFNIA1D" failures="0" tests="2" name="Default test" time="13.592" errors="0" timestamp="2024-11-29T18:39:32 IST">
  <testcase classname="com.swagLabs.testCases.LogoutButtonTest" name="logInFunction" time="2.991"/>
  <testcase classname="com.swagLabs.testCases.LogoutButtonTest" name="testLogOutFunctionality" time="0.375"/>
</testsuite> <!-- Default test -->
