<?xml version="1.0" encoding="UTF-8"?>
<!-- Generated by org.testng.reporters.JUnitXMLReporter -->
<testsuite ignored="1" hostname="DESKTOP-UFNIA1D" failures="0" tests="1" name="TestChrome(failed)" time="13.949" errors="0" timestamp="2024-11-15T11:22:04 IST">
  <testcase classname="com.swagLabs.testCases.LoginPageMissingCredentialsTest" name="verifyLoginWithMissingPassword" time="0.485"/>
  <testcase classname="com.swagLabs.testCases.LoginPageMissingCredentialsTest" name="verifyLoginWithMissingUsernameAndPassword" time="0.0">
    <ignored/>
  </testcase> <!-- verifyLoginWithMissingUsernameAndPassword -->
</testsuite> <!-- TestChrome(failed) -->
