<?xml version="1.0" encoding="UTF-8"?>
<!-- Generated by org.testng.reporters.JUnitXMLReporter -->
<testsuite ignored="0" hostname="DESKTOP-UFNIA1D" failures="0" tests="6" name="TestEdge" time="78.76" errors="0" timestamp="2024-11-14T15:25:46 IST">
  <testcase classname="com.swagLabs.testCases.TestLogin_InValidCredentials_UserLoggedIn" name="checkInvalidCredentials" time="2.201"/>
  <testcase classname="com.swagLabs.testCases.TestLoginWithEmptyUsernameAndPassword" name="testLoginWithEmptyUsernameAndPassword" time="0.201"/>
  <testcase classname="com.swagLabs.testCases.TestLogin_ValidCredentials_UserLoggedIn" name="LoginTests" time="1.223"/>
  <testcase classname="com.swagLabs.testCases.TestLoginWithEmptyUsername" name="testLoginWithEmptyUsername" time="0.481"/>
  <testcase classname="com.swagLabs.testCases.TestMultipleItemsCanBeAddedToTheCart" name="multipleItemsCanBeAddedToTheCart" time="6.856"/>
  <testcase classname="com.swagLabs.testCases.TestLoginWithEmptyPassword" name="testLoginWithEmptyPassword" time="0.515"/>
</testsuite> <!-- TestEdge -->
